2026-02-26 19:06:21 [[32minfo[39m]: Server setup starting...
2026-02-26 19:06:21 [[32minfo[39m]: =================================
2026-02-26 19:06:21 [[32minfo[39m]: Server running on port 5000
2026-02-26 19:06:21 [[32minfo[39m]: =================================
2026-02-26 19:09:22 [[32minfo[39m]: Server setup starting...
2026-02-26 19:09:23 [[32minfo[39m]: =================================
2026-02-26 19:09:23 [[32minfo[39m]: Server running on port 5000
2026-02-26 19:09:23 [[32minfo[39m]: =================================
2026-02-26 19:10:58 [[31merror[39m]: Email sending error: Message failed: 550 The from address does not match a verified Sender Identity. Mail cannot be sent until this error is resolved. Visit https://sendgrid.com/docs/for-developers/sending-email/sender-identity/ to see the Sender Identity requirements
2026-02-26 19:18:58 [[31merror[39m]: Email sending error: Message failed: 550 The from address does not match a verified Sender Identity. Mail cannot be sent until this error is resolved. Visit https://sendgrid.com/docs/for-developers/sending-email/sender-identity/ to see the Sender Identity requirements
2026-02-26 19:22:05 [[32minfo[39m]: Server setup starting...
2026-02-26 19:22:06 [[32minfo[39m]: =================================
2026-02-26 19:22:06 [[32minfo[39m]: Server running on port 5000
2026-02-26 19:22:06 [[32minfo[39m]: =================================
2026-02-26 19:24:34 [[32minfo[39m]: Server setup starting...
2026-02-26 19:24:35 [[32minfo[39m]: =================================
2026-02-26 19:24:35 [[32minfo[39m]: Server running on port 5000
2026-02-26 19:24:35 [[32minfo[39m]: =================================
2026-02-26 19:33:31 [[31merror[39m]: Email sending error: Message failed: 550 The from address does not match a verified Sender Identity. Mail cannot be sent until this error is resolved. Visit https://sendgrid.com/docs/for-developers/sending-email/sender-identity/ to see the Sender Identity requirements
2026-02-26 19:37:12 [[32minfo[39m]: Server setup starting...
2026-02-26 19:37:13 [[32minfo[39m]: =================================
2026-02-26 19:37:13 [[32minfo[39m]: Server running on port 5000
2026-02-26 19:37:13 [[32minfo[39m]: =================================
2026-02-26 19:49:13 [[32minfo[39m]: Email sent to tgokila459@gmail.com (Message ID: <07e83db2-f7dd-dce2-3d62-84a16194527b@gmail.com>)
2026-02-26 19:49:17 [[32minfo[39m]: Email sent to ksahana9406@gmail.com (Message ID: <39e93fab-872c-3cf0-3eeb-440a6e727c85@gmail.com>)
2026-02-26 19:49:17 [[32minfo[39m]: All emails processed successfully
2026-02-27 22:19:56 [[32minfo[39m]: Server setup starting...
2026-02-27 22:20:11 [[32minfo[39m]: =================================
2026-02-27 22:20:11 [[32minfo[39m]: Server running on port 5000
2026-02-27 22:20:11 [[32minfo[39m]: =================================
2026-03-02 07:09:05 [[32minfo[39m]: Server setup starting...
2026-03-02 07:09:05 [[32minfo[39m]: =================================
2026-03-02 07:09:05 [[32minfo[39m]: Server running on port 5000
2026-03-02 07:09:05 [[32minfo[39m]: =================================
2026-03-03 13:11:00 [[32minfo[39m]: Server setup starting...
2026-03-03 13:11:01 [[32minfo[39m]: =================================
2026-03-03 13:11:01 [[32minfo[39m]: Server running on port 5000
2026-03-03 13:11:01 [[32minfo[39m]: =================================
2026-03-03 22:23:45 [[32minfo[39m]: Server setup starting...
2026-03-03 22:23:46 [[32minfo[39m]: =================================
2026-03-03 22:23:46 [[32minfo[39m]: Server running on port 5000
2026-03-03 22:23:46 [[32minfo[39m]: =================================
2026-03-03 22:28:37 [[32minfo[39m]: Email sent to ksahana9406@gmail.com (Message ID: <65d11447-985f-a9df-8f50-fa207b10c8dd@gmail.com>)
2026-03-03 22:28:43 [[32minfo[39m]: Email sent to ksahana9406@gmail.com (Message ID: <f0ada63d-97a7-2e22-7d48-2ab9eb1288fe@gmail.com>)
2026-03-03 22:28:50 [[32minfo[39m]: Email sent to ksahana9406@gmail.com (Message ID: <5bb84753-470d-08f6-453d-253b9868ea1a@gmail.com>)
2026-03-03 22:28:59 [[32minfo[39m]: Email sent to ksahana9406@gmail.com (Message ID: <5ae1e663-f425-7be8-28c2-29570fc0dc7e@gmail.com>)
2026-03-03 22:29:23 [[32minfo[39m]: Email sent to ksahana9406@gmail.com (Message ID: <24f3856d-adf3-8a24-d081-ef4a7715668a@gmail.com>)
2026-03-03 22:29:27 [[32minfo[39m]: Email sent to ksahana9406@gmail.com (Message ID: <c4831d7c-dfc7-e1a8-8489-3b4fb08848fe@gmail.com>)
2026-03-03 22:29:32 [[32minfo[39m]: Email sent to ksahana9406@gmail.com (Message ID: <3754322c-460b-2ead-ee08-b81272017929@gmail.com>)
2026-03-03 22:29:37 [[32minfo[39m]: Email sent to ksahana9406@gmail.com (Message ID: <4e7e99ba-dd3d-727e-3b39-73215a08e593@gmail.com>)
2026-03-03 22:29:37 [[32minfo[39m]: All emails processed successfully
